0 info it worked if it ends with ok
1 verbose cli [ 'node',
1 verbose cli   '/usr/local/bin/npm',
1 verbose cli   'install',
1 verbose cli   '—save-dev',
1 verbose cli   'jasmine-node' ]
2 info using npm@1.4.28
3 info using node@v0.10.36
4 warn package.json myownnode@1.0.0 No repository field.
5 warn package.json myownnode@1.0.0 No README data
6 verbose readDependencies using package.json deps
7 verbose cache add [ '—save-dev', null ]
8 verbose cache add name=undefined spec="—save-dev" args=["—save-dev",null]
9 verbose parsed url { protocol: null,
9 verbose parsed url   slashes: null,
9 verbose parsed url   auth: null,
9 verbose parsed url   host: null,
9 verbose parsed url   port: null,
9 verbose parsed url   hostname: null,
9 verbose parsed url   hash: null,
9 verbose parsed url   search: null,
9 verbose parsed url   query: null,
9 verbose parsed url   pathname: '—save-dev',
9 verbose parsed url   path: '—save-dev',
9 verbose parsed url   href: '—save-dev' }
10 verbose cache add [ 'jasmine-node', null ]
11 verbose cache add name=undefined spec="jasmine-node" args=["jasmine-node",null]
12 verbose parsed url { protocol: null,
12 verbose parsed url   slashes: null,
12 verbose parsed url   auth: null,
12 verbose parsed url   host: null,
12 verbose parsed url   port: null,
12 verbose parsed url   hostname: null,
12 verbose parsed url   hash: null,
12 verbose parsed url   search: null,
12 verbose parsed url   query: null,
12 verbose parsed url   pathname: 'jasmine-node',
12 verbose parsed url   path: 'jasmine-node',
12 verbose parsed url   href: 'jasmine-node' }
13 silly lockFile aef4ff72-save-dev —save-dev
14 verbose lock —save-dev /Users/marcinwalendzik/.npm/aef4ff72-save-dev.lock
15 silly lockFile bba04ce4-jasmine-node jasmine-node
16 verbose lock jasmine-node /Users/marcinwalendzik/.npm/bba04ce4-jasmine-node.lock
17 silly lockFile aef4ff72-save-dev —save-dev
18 silly lockFile aef4ff72-save-dev —save-dev
19 silly lockFile bba04ce4-jasmine-node jasmine-node
20 silly lockFile bba04ce4-jasmine-node jasmine-node
21 verbose addNamed [ '—save-dev', '' ]
22 verbose addNamed [ null, '*' ]
23 silly lockFile 3c95c2cd-save-dev —save-dev@
24 verbose lock —save-dev@ /Users/marcinwalendzik/.npm/3c95c2cd-save-dev.lock
25 verbose addNamed [ 'jasmine-node', '' ]
26 verbose addNamed [ null, '*' ]
27 silly lockFile b74de4f8-jasmine-node jasmine-node@
28 verbose lock jasmine-node@ /Users/marcinwalendzik/.npm/b74de4f8-jasmine-node.lock
29 silly addNameRange { name: '—save-dev', range: '*', hasData: false }
30 silly addNameRange { name: 'jasmine-node', range: '*', hasData: false }
31 verbose request where is /—save-dev
32 verbose request registry http://registry.npmjs.org/
33 verbose request id 89825511f5319a55
34 verbose url raw /—save-dev
35 verbose url resolving [ 'http://registry.npmjs.org/', './%E2%80%94save-dev' ]
36 verbose url resolved http://registry.npmjs.org/%E2%80%94save-dev
37 verbose request where is http://registry.npmjs.org/%E2%80%94save-dev
38 info trying registry request attempt 1 at 13:59:38
39 http GET http://registry.npmjs.org/%E2%80%94save-dev
40 verbose request where is /jasmine-node
41 verbose request registry http://registry.npmjs.org/
42 verbose url raw /jasmine-node
43 verbose url resolving [ 'http://registry.npmjs.org/', './jasmine-node' ]
44 verbose url resolved http://registry.npmjs.org/jasmine-node
45 verbose request where is http://registry.npmjs.org/jasmine-node
46 info trying registry request attempt 1 at 13:59:38
47 verbose etag "7D3X5WQR6HDSIOLYTDVXWU125"
48 http GET http://registry.npmjs.org/jasmine-node
49 http 304 http://registry.npmjs.org/jasmine-node
50 silly registry.get cb [ 304,
50 silly registry.get   { date: 'Mon, 09 Feb 2015 13:59:38 GMT',
50 silly registry.get     via: '1.1 varnish',
50 silly registry.get     'last-modified': 'Mon, 09 Feb 2015 13:59:38 GMT',
50 silly registry.get     'cache-control': 'max-age=60',
50 silly registry.get     etag: '"7D3X5WQR6HDSIOLYTDVXWU125"',
50 silly registry.get     age: '53',
50 silly registry.get     connection: 'keep-alive',
50 silly registry.get     'x-served-by': 'cache-ams4147-AMS',
50 silly registry.get     'x-cache': 'HIT',
50 silly registry.get     'x-cache-hits': '1',
50 silly registry.get     'x-timer': 'S1423490378.313857,VS0,VE0',
50 silly registry.get     vary: 'Accept' } ]
51 verbose etag http://registry.npmjs.org/jasmine-node from cache
52 silly addNameRange number 2 { name: 'jasmine-node', range: '*', hasData: true }
53 silly addNameRange versions [ 'jasmine-node',
53 silly addNameRange   [ '1.0.1',
53 silly addNameRange     '1.0.2',
53 silly addNameRange     '1.0.3',
53 silly addNameRange     '1.0.4',
53 silly addNameRange     '1.0.5',
53 silly addNameRange     '1.0.6',
53 silly addNameRange     '1.0.7',
53 silly addNameRange     '1.0.8',
53 silly addNameRange     '1.0.9',
53 silly addNameRange     '1.0.10',
53 silly addNameRange     '1.0.11',
53 silly addNameRange     '1.0.12',
53 silly addNameRange     '1.0.13',
53 silly addNameRange     '1.0.15',
53 silly addNameRange     '1.0.16',
53 silly addNameRange     '1.0.17',
53 silly addNameRange     '1.0.18',
53 silly addNameRange     '1.0.19',
53 silly addNameRange     '1.0.20',
53 silly addNameRange     '1.0.21',
53 silly addNameRange     '1.0.22',
53 silly addNameRange     '1.0.23',
53 silly addNameRange     '1.0.24',
53 silly addNameRange     '1.0.25',
53 silly addNameRange     '1.0.26',
53 silly addNameRange     '1.0.27',
53 silly addNameRange     '1.0.28',
53 silly addNameRange     '1.1.0',
53 silly addNameRange     '1.2.0',
53 silly addNameRange     '1.2.1',
53 silly addNameRange     '1.2.2',
53 silly addNameRange     '1.2.3',
53 silly addNameRange     '1.3.0',
53 silly addNameRange     '1.3.1',
53 silly addNameRange     '1.4.0',
53 silly addNameRange     '1.5.0',
53 silly addNameRange     '1.6.0',
53 silly addNameRange     '1.7.0',
53 silly addNameRange     '1.7.1',
53 silly addNameRange     '1.8.0',
53 silly addNameRange     '1.8.1',
53 silly addNameRange     '1.9.0',
53 silly addNameRange     '1.9.1',
53 silly addNameRange     '1.10.0',
53 silly addNameRange     '1.10.1',
53 silly addNameRange     '1.10.2',
53 silly addNameRange     '1.11.0',
53 silly addNameRange     '1.12.0',
53 silly addNameRange     '1.12.1',
53 silly addNameRange     '1.13.0',
53 silly addNameRange     '1.13.1',
53 silly addNameRange     '1.14.0',
53 silly addNameRange     '1.14.1',
53 silly addNameRange     '2.0.0',
53 silly addNameRange     '1.14.2',
53 silly addNameRange     '2.0.0-beta1',
53 silly addNameRange     '2.0.0-beta2',
53 silly addNameRange     '2.0.0-beta3',
53 silly addNameRange     '1.14.3',
53 silly addNameRange     '2.0.0-beta4',
53 silly addNameRange     '1.14.4',
53 silly addNameRange     '1.14.5',
53 silly addNameRange     '1.0.0-rc1',
53 silly addNameRange     '1.0.0-rc2',
53 silly addNameRange     '1.0.0-rc3' ] ]
54 verbose addNamed [ 'jasmine-node', '1.14.5' ]
55 verbose addNamed [ '1.14.5', '1.14.5' ]
56 silly lockFile 3c9ba918-jasmine-node-1-14-5 jasmine-node@1.14.5
57 verbose lock jasmine-node@1.14.5 /Users/marcinwalendzik/.npm/3c9ba918-jasmine-node-1-14-5.lock
58 silly lockFile 3c9ba918-jasmine-node-1-14-5 jasmine-node@1.14.5
59 silly lockFile 3c9ba918-jasmine-node-1-14-5 jasmine-node@1.14.5
60 silly lockFile b74de4f8-jasmine-node jasmine-node@
61 silly lockFile b74de4f8-jasmine-node jasmine-node@
62 http 404 http://registry.npmjs.org/%E2%80%94save-dev
63 verbose headers { server: 'CouchDB/1.5.0 (Erlang OTP/R16B03)',
63 verbose headers   'content-type': 'application/json',
63 verbose headers   'cache-control': 'max-age=0',
63 verbose headers   'content-length': '52',
63 verbose headers   'accept-ranges': 'bytes',
63 verbose headers   date: 'Mon, 09 Feb 2015 13:59:38 GMT',
63 verbose headers   via: '1.1 varnish',
63 verbose headers   age: '0',
63 verbose headers   connection: 'keep-alive',
63 verbose headers   'x-served-by': 'cache-ams4138-AMS',
63 verbose headers   'x-cache': 'MISS',
63 verbose headers   'x-cache-hits': '0',
63 verbose headers   'x-timer': 'S1423490378.313707,VS0,VE163' }
64 silly registry.get cb [ 404,
64 silly registry.get   { server: 'CouchDB/1.5.0 (Erlang OTP/R16B03)',
64 silly registry.get     'content-type': 'application/json',
64 silly registry.get     'cache-control': 'max-age=0',
64 silly registry.get     'content-length': '52',
64 silly registry.get     'accept-ranges': 'bytes',
64 silly registry.get     date: 'Mon, 09 Feb 2015 13:59:38 GMT',
64 silly registry.get     via: '1.1 varnish',
64 silly registry.get     age: '0',
64 silly registry.get     connection: 'keep-alive',
64 silly registry.get     'x-served-by': 'cache-ams4138-AMS',
64 silly registry.get     'x-cache': 'MISS',
64 silly registry.get     'x-cache-hits': '0',
64 silly registry.get     'x-timer': 'S1423490378.313707,VS0,VE163' } ]
65 silly lockFile 3c95c2cd-save-dev —save-dev@
66 silly lockFile 3c95c2cd-save-dev —save-dev@
67 error 404 404 Not Found: %E2%80%94save-dev
67 error 404
67 error 404 '%E2%80%94save-dev' is not in the npm registry.
67 error 404 You should bug the author to publish it
67 error 404 It was specified as a dependency of 'myownnode'
67 error 404
67 error 404 Note that you can also install from a
67 error 404 tarball, folder, or http url, or git url.
68 error System Darwin 14.1.0
69 error command "node" "/usr/local/bin/npm" "install" "—save-dev" "jasmine-node"
70 error cwd /Users/marcinwalendzik/MakersAcademy/week8/myownnode
71 error node -v v0.10.36
72 error npm -v 1.4.28
73 error code E404
74 verbose exit [ 1, true ]
